app/build/intermediates/manifest_merge_blame_file/debug/manifest-merger-blame-debug-report.txt
1<?xml version="1.0" encoding="utf-8"?>
2<manifest xmlns:android="http://schemas.android.com/apk/res/android"
3    package="com.example.ejemploadapter"
4    android:versionCode="1"
5    android:versionName="1.0" >
6
7    <uses-sdk
8        android:minSdkVersion="23"
8-->src\main\AndroidManifest.xml
9        android:targetSdkVersion="31" />
9-->src\main\AndroidManifest.xml
10
11    <uses-permission android:name="android.permission.INTERNET" />
11-->src\main\AndroidManifest.xml:5:5-67
11-->src\main\AndroidManifest.xml:5:22-64
12
13    <application
13-->src\main\AndroidManifest.xml:7:5-44:19
14        android:allowBackup="true"
14-->src\main\AndroidManifest.xml:8:9-35
15        android:appComponentFactory="androidx.core.app.CoreComponentFactory"
15-->[androidx.core:core:1.7.0] AndroidManifest.xml:24:18-86
16        android:debuggable="true"
17        android:extractNativeLibs="false"
18        android:icon="@mipmap/ic_launcher"
18-->src\main\AndroidManifest.xml:9:9-43
19        android:label="@string/app_name"
19-->src\main\AndroidManifest.xml:10:9-41
20        android:roundIcon="@mipmap/ic_launcher_round"
20-->src\main\AndroidManifest.xml:11:9-54
21        android:supportsRtl="true"
21-->src\main\AndroidManifest.xml:12:9-35
22        android:theme="@style/Theme.EjemploAdapter" >
22-->src\main\AndroidManifest.xml:13:9-52
23        <activity
23-->src\main\AndroidManifest.xml:14:9-16:39
24            android:name="com.example.ejemploadapter.MainActivityAcomp"
24-->src\main\AndroidManifest.xml:15:13-46
25            android:exported="true" />
25-->src\main\AndroidManifest.xml:16:13-36
26        <activity
26-->src\main\AndroidManifest.xml:17:9-19:39
27            android:name="com.example.ejemploadapter.MainActivityResultado"
27-->src\main\AndroidManifest.xml:18:13-50
28            android:exported="true" />
28-->src\main\AndroidManifest.xml:19:13-36
29        <activity
29-->src\main\AndroidManifest.xml:20:9-22:39
30            android:name="com.example.ejemploadapter.MainActivityComplemento"
30-->src\main\AndroidManifest.xml:21:13-52
31            android:exported="true" />
31-->src\main\AndroidManifest.xml:22:13-36
32        <activity
32-->src\main\AndroidManifest.xml:23:9-25:39
33            android:name="com.example.ejemploadapter.MainActivityAderezo"
33-->src\main\AndroidManifest.xml:24:13-48
34            android:exported="true" />
34-->src\main\AndroidManifest.xml:25:13-36
35        <activity
35-->src\main\AndroidManifest.xml:26:9-28:39
36            android:name="com.example.ejemploadapter.MainActivityCarne"
36-->src\main\AndroidManifest.xml:27:13-46
37            android:exported="true" />
37-->src\main\AndroidManifest.xml:28:13-36
38        <activity
38-->src\main\AndroidManifest.xml:29:9-31:39
39            android:name="com.example.ejemploadapter.MainActivityQueso"
39-->src\main\AndroidManifest.xml:30:13-46
40            android:exported="true" />
40-->src\main\AndroidManifest.xml:31:13-36
41        <activity
41-->src\main\AndroidManifest.xml:32:9-34:39
42            android:name="com.example.ejemploadapter.MainActivityPan"
42-->src\main\AndroidManifest.xml:33:13-44
43            android:exported="true" />
43-->src\main\AndroidManifest.xml:34:13-36
44        <activity
44-->src\main\AndroidManifest.xml:35:9-43:20
45            android:name="com.example.ejemploadapter.MainActivity"
45-->src\main\AndroidManifest.xml:36:13-41
46            android:exported="true" >
46-->src\main\AndroidManifest.xml:37:13-36
47            <intent-filter>
47-->src\main\AndroidManifest.xml:38:13-42:29
48                <action android:name="android.intent.action.MAIN" />
48-->src\main\AndroidManifest.xml:39:17-69
48-->src\main\AndroidManifest.xml:39:25-66
49
50                <category android:name="android.intent.category.LAUNCHER" />
50-->src\main\AndroidManifest.xml:41:17-77
50-->src\main\AndroidManifest.xml:41:27-74
51            </intent-filter>
52        </activity>
53
54        <provider
54-->[com.squareup.picasso:picasso:2.71828] AndroidManifest.xml:8:9-11:40
55            android:name="com.squareup.picasso.PicassoProvider"
55-->[com.squareup.picasso:picasso:2.71828] AndroidManifest.xml:9:13-64
56            android:authorities="com.example.ejemploadapter.com.squareup.picasso"
56-->[com.squareup.picasso:picasso:2.71828] AndroidManifest.xml:10:13-72
57            android:exported="false" />
57-->[com.squareup.picasso:picasso:2.71828] AndroidManifest.xml:11:13-37
58        <provider
58-->[androidx.emoji2:emoji2:1.0.0] AndroidManifest.xml:26:9-34:20
59            android:name="androidx.startup.InitializationProvider"
59-->[androidx.emoji2:emoji2:1.0.0] AndroidManifest.xml:27:13-67
60            android:authorities="com.example.ejemploadapter.androidx-startup"
60-->[androidx.emoji2:emoji2:1.0.0] AndroidManifest.xml:28:13-68
61            android:exported="false" >
61-->[androidx.emoji2:emoji2:1.0.0] AndroidManifest.xml:29:13-37
62            <meta-data
62-->[androidx.emoji2:emoji2:1.0.0] AndroidManifest.xml:31:13-33:52
63                android:name="androidx.emoji2.text.EmojiCompatInitializer"
63-->[androidx.emoji2:emoji2:1.0.0] AndroidManifest.xml:32:17-75
64                android:value="androidx.startup" />
64-->[androidx.emoji2:emoji2:1.0.0] AndroidManifest.xml:33:17-49
65            <meta-data
65-->[androidx.lifecycle:lifecycle-process:2.4.0] AndroidManifest.xml:31:13-33:52
66                android:name="androidx.lifecycle.ProcessLifecycleInitializer"
66-->[androidx.lifecycle:lifecycle-process:2.4.0] AndroidManifest.xml:32:17-78
67                android:value="androidx.startup" />
67-->[androidx.lifecycle:lifecycle-process:2.4.0] AndroidManifest.xml:33:17-49
68        </provider>
69    </application>
70
71</manifest>